<?xml version="1.0" encoding="UTF-8"?>
<testng-results ignored="0" total="2" passed="2" failed="0" skipped="0">
  <reporter-output>
  </reporter-output>
  <suite started-at="2025-03-16T09:35:37 IST" name="Default suite" finished-at="2025-03-16T09:36:20 IST" duration-ms="43012">
    <groups>
    </groups>
    <test started-at="2025-03-16T09:35:37 IST" name="Default test" finished-at="2025-03-16T09:36:20 IST" duration-ms="43012">
      <class name="com.testdatadriven.ProductFilter">
        <test-method signature="setup()[pri:1, instance:com.testdatadriven.ProductFilter@351d00c0]" started-at="2025-03-16T09:35:37 IST" name="setup" finished-at="2025-03-16T09:35:53 IST" duration-ms="15489" status="PASS">
          <reporter-output>
          </reporter-output>
        </test-method> <!-- setup -->
        <test-method signature="listOfProducts()[pri:2, instance:com.testdatadriven.ProductFilter@351d00c0]" started-at="2025-03-16T09:35:53 IST" name="listOfProducts" finished-at="2025-03-16T09:36:20 IST" duration-ms="27440" status="PASS">
          <reporter-output>
          </reporter-output>
        </test-method> <!-- listOfProducts -->
      </class> <!-- com.testdatadriven.ProductFilter -->
    </test> <!-- Default test -->
  </suite> <!-- Default suite -->
</testng-results>
