<?xml version="1.0" encoding="UTF-8"?>
<testng-results ignored="0" total="1" passed="1" failed="0" skipped="0">
  <reporter-output>
  </reporter-output>
  <suite started-at="2025-01-30T00:23:09 IST" name="Default suite" finished-at="2025-01-30T00:23:15 IST" duration-ms="5718">
    <groups>
    </groups>
    <test started-at="2025-01-30T00:23:09 IST" name="Default test" finished-at="2025-01-30T00:23:15 IST" duration-ms="5718">
      <class name="com.testing.Trial1">
        <test-method is-config="true" signature="setup()[pri:0, instance:com.testing.Trial1@5b8dfcc1]" started-at="2025-01-30T00:23:09 IST" name="setup" finished-at="2025-01-30T00:23:15 IST" duration-ms="5554" status="PASS">
          <reporter-output>
          </reporter-output>
        </test-method> <!-- setup -->
        <test-method signature="test_001()[pri:0, instance:com.testing.Trial1@5b8dfcc1]" started-at="2025-01-30T00:23:15 IST" name="test_001" finished-at="2025-01-30T00:23:15 IST" duration-ms="41" status="PASS">
          <reporter-output>
          </reporter-output>
        </test-method> <!-- test_001 -->
      </class> <!-- com.testing.Trial1 -->
    </test> <!-- Default test -->
  </suite> <!-- Default suite -->
</testng-results>
